#
# There is insufficient memory for the Java Runtime Environment to continue.
# Native memory allocation (malloc) failed to allocate 1886992 bytes for Chunk::new
# Possible reasons:
#   The system is out of physical RAM or swap space
#   The process is running with CompressedOops enabled, and the Java Heap may be blocking the growth of the native heap
# Possible solutions:
#   Reduce memory load on the system
#   Increase physical memory or swap space
#   Check if swap backing store is full
#   Decrease Java heap size (-Xmx/-Xms)
#   Decrease number of Java threads
#   Decrease Java thread stack sizes (-Xss)
#   Set larger code cache with -XX:ReservedCodeCacheSize=
#   JVM is running with Unscaled Compressed Oops mode in which the Java heap is
#     placed in the first 4GB address space. The Java Heap base address is the
#     maximum limit for the native heap growth. Please use -XX:HeapBaseMinAddress
#     to set the Java Heap base and to place the Java Heap above 4GB virtual address.
# This output file may be truncated or incomplete.
#
#  Out of Memory Error (allocation.cpp:389), pid=11564, tid=0x00000000000006e4
#
# JRE version: OpenJDK Runtime Environment (8.0_242-b01) (build 1.8.0_242-release-1644-b01)
# Java VM: OpenJDK 64-Bit Server VM (25.242-b01 mixed mode windows-amd64 compressed oops)
# Failed to write core dump. Minidumps are not enabled by default on client versions of Windows
#

---------------  T H R E A D  ---------------

Current thread (0x00000000183fb000):  JavaThread "C2 CompilerThread1" daemon [_thread_in_native, id=1764, stack(0x000000001abc0000,0x000000001acc0000)]

Stack: [0x000000001abc0000,0x000000001acc0000]
[error occurred during error reporting (printing stack bounds), id 0xc0000005]

Native frames: (J=compiled Java code, j=interpreted, Vv=VM code, C=native code)


Current CompileTask:
C2:   1935 1491       4       java.net.URLClassLoader$1::run (5 bytes)


---------------  P R O C E S S  ---------------

Java Threads: ( => current thread )
  0x000000001caac800 JavaThread "Cache worker for file hash cache (C:\Users\lenovo\.gradle\caches\6.5\fileHashes)" [_thread_blocked, id=4992, stack(0x000000001f0f0000,0x000000001f1f0000)]
  0x000000001caaa000 JavaThread "File lock request listener" [_thread_in_native, id=6804, stack(0x000000001eff0000,0x000000001f0f0000)]
  0x000000001ce0d000 JavaThread "Cache worker for journal cache (C:\Users\lenovo\.gradle\caches\journal-1)" [_thread_blocked, id=8876, stack(0x000000001eef0000,0x000000001eff0000)]
  0x000000001c50d000 JavaThread "Thread-9" [_thread_blocked, id=10280, stack(0x000000001ebf0000,0x000000001ecf0000)]
  0x000000001bcee800 JavaThread "Stdin handler" [_thread_blocked, id=12232, stack(0x000000001eaf0000,0x000000001ebf0000)]
  0x000000001bced800 JavaThread "Asynchronous log dispatcher for DefaultDaemonConnection: socket connection from /127.0.0.1:58262 to /127.0.0.1:58263" [_thread_blocked, id=6836, stack(0x000000001e9f0000,0x000000001eaf0000)]
  0x000000001cc21800 JavaThread "Daemon worker" [_thread_in_vm, id=2828, stack(0x000000001e8f0000,0x000000001e9f0000)]
  0x000000001cc1e800 JavaThread "Cancel handler" [_thread_blocked, id=5216, stack(0x000000001e7f0000,0x000000001e8f0000)]
  0x000000001cb94800 JavaThread "Handler for socket connection from /127.0.0.1:58262 to /127.0.0.1:58263" [_thread_in_native, id=11428, stack(0x000000001e6f0000,0x000000001e7f0000)]
  0x000000001cb93000 JavaThread "Daemon" [_thread_blocked, id=7924, stack(0x000000001e5f0000,0x000000001e6f0000)]
  0x000000001cb90800 JavaThread "Daemon periodic checks" [_thread_blocked, id=8872, stack(0x000000001e2f0000,0x000000001e3f0000)]
  0x000000001cb70000 JavaThread "Incoming local TCP Connector on port 58262" [_thread_in_native, id=1492, stack(0x000000001e0a0000,0x000000001e1a0000)]
  0x000000001c875800 JavaThread "Daemon health stats" [_thread_blocked, id=2172, stack(0x000000001da60000,0x000000001db60000)]
  0x000000001a24b000 JavaThread "Service Thread" daemon [_thread_blocked, id=5092, stack(0x000000001aec0000,0x000000001afc0000)]
  0x000000001a20a800 JavaThread "C1 CompilerThread3" daemon [_thread_blocked, id=11608, stack(0x000000001adc0000,0x000000001aec0000)]
  0x000000001a206800 JavaThread "C2 CompilerThread2" daemon [_thread_in_native, id=2076, stack(0x000000001acc0000,0x000000001adc0000)]
=>0x00000000183fb000 JavaThread "C2 CompilerThread1" daemon [_thread_in_native, id=1764, stack(0x000000001abc0000,0x000000001acc0000)]
  0x000000001a1f2800 JavaThread "C2 CompilerThread0" daemon [_thread_in_native, id=10464, stack(0x000000001aac0000,0x000000001abc0000)]
  0x000000001a1f1800 JavaThread "Attach Listener" daemon [_thread_blocked, id=2164, stack(0x000000001a9c0000,0x000000001aac0000)]
  0x000000001a1f0800 JavaThread "Signal Dispatcher" daemon [_thread_blocked, id=11520, stack(0x000000001a8c0000,0x000000001a9c0000)]
  0x000000000337e000 JavaThread "Finalizer" daemon [_thread_blocked, id=8712, stack(0x000000001a6c0000,0x000000001a7c0000)]
  0x00000000183ec000 JavaThread "Reference Handler" daemon [_thread_blocked, id=6960, stack(0x000000001a5c0000,0x000000001a6c0000)]
  0x000000000193d800 JavaThread "main" [_thread_blocked, id=7716, stack(0x0000000003180000,0x0000000003280000)]

Other Threads:
  0x00000000183e8000 VMThread [stack: 0x000000001a0c0000,0x000000001a1c0000] [id=4388]
  0x000000001a24b800 WatcherThread [stack: 0x000000001afc0000,0x000000001b0c0000] [id=7180]

VM state:not at safepoint (normal execution)

VM Mutex/Monitor currently owned by a thread: None

heap address: 0x0000000080000000, size: 2048 MB, Compressed Oops mode: 32-bit
Narrow klass base: 0x0000000000000000, Narrow klass shift: 3
Compressed class space size: 1073741824 Address: 0x0000000100000000

Heap:
 PSYoungGen      total 38400K, used 12481K [0x00000000d5580000, 0x00000000daa80000, 0x0000000100000000)
  eden space 33280K, 22% used [0x00000000d5580000,0x00000000d5cb0740,0x00000000d7600000)
  from space 5120K, 100% used [0x00000000d7600000,0x00000000d7b00000,0x00000000d7b00000)
  to   space 10240K, 0% used [0x00000000da080000,0x00000000da080000,0x00000000daa80000)
 ParOldGen       total 87552K, used 6783K [0x0000000080000000, 0x0000000085580000, 0x00000000d5580000)
  object space 87552K, 7% used [0x0000000080000000,0x000000008069fc00,0x0000000085580000)
 Metaspace       used 18500K, capacity 19186K, committed 19456K, reserved 1067008K
  class space    used 2535K, capacity 2741K, committed 2816K, reserved 1048576K

Card table byte_map: [0x0000000012740000,0x0000000012b50000] byte_map_base: 0x0000000012340000

Marking Bits: (ParMarkBitMap*) 0x000000006d7ef030
 Begin Bits: [0x0000000013600000, 0x0000000015600000)
 End Bits:   [0x0000000015600000, 0x0000000017600000)

Polling page: 0x00000000018f0000

CodeCache: size=245760Kb used=5762Kb max_used=5777Kb free=239997Kb
 bounds [0x0000000003380000, 0x0000000003930000, 0x0000000012380000]
 total_blobs=2062 nmethods=1652 adapters=323
 compilation: enabled

Compilation events (10 events):
Event: 1.920 Thread 0x000000001a20a800 1658       3       org.objectweb.asm.SymbolTable::hash (10 bytes)
Event: 1.920 Thread 0x000000001a20a800 nmethod 1658 0x0000000003916210 code [0x0000000003916380, 0x0000000003916588]
Event: 1.925 Thread 0x000000001a20a800 1659       3       org.objectweb.asm.ByteVector::putShort (52 bytes)
Event: 1.926 Thread 0x000000001a20a800 nmethod 1659 0x0000000003915cd0 code [0x0000000003915e40, 0x0000000003916088]
Event: 1.930 Thread 0x000000001a206800 nmethod 1628% 0x0000000003923f90 code [0x0000000003924240, 0x0000000003925510]
Event: 1.930 Thread 0x000000001a206800 1649       4       java.lang.ref.Reference::<init> (25 bytes)
Event: 1.930 Thread 0x000000001a206800 nmethod 1649 0x0000000003914590 code [0x00000000039146c0, 0x0000000003914758]
Event: 1.930 Thread 0x000000001a206800 1597       4       com.google.common.base.CharMatcher$Is::matches (14 bytes)
Event: 1.930 Thread 0x000000001a206800 nmethod 1597 0x0000000003914390 code [0x00000000039144c0, 0x0000000003914538]
Event: 1.930 Thread 0x000000001a206800 1582   !   4       java.util.zip.ZipFile$ZipFileInflaterInputStream::close (67 bytes)

GC Heap History (10 events):
Event: 0.651 GC heap before
{Heap before GC invocations=1 (full 0):
 PSYoungGen      total 38400K, used 33280K [0x00000000d5580000, 0x00000000d8000000, 0x0000000100000000)
  eden space 33280K, 100% used [0x00000000d5580000,0x00000000d7600000,0x00000000d7600000)
  from space 5120K, 0% used [0x00000000d7b00000,0x00000000d7b00000,0x00000000d8000000)
  to   space 5120K, 0% used [0x00000000d7600000,0x00000000d7600000,0x00000000d7b00000)
 ParOldGen       total 87552K, used 0K [0x0000000080000000, 0x0000000085580000, 0x00000000d5580000)
  object space 87552K, 0% used [0x0000000080000000,0x0000000080000000,0x0000000085580000)
 Metaspace       used 7554K, capacity 7848K, committed 8064K, reserved 1056768K
  class space    used 931K, capacity 1039K, committed 1152K, reserved 1048576K
Event: 0.655 GC heap after
Heap after GC invocations=1 (full 0):
 PSYoungGen      total 38400K, used 4463K [0x00000000d5580000, 0x00000000d8000000, 0x0000000100000000)
  eden space 33280K, 0% used [0x00000000d5580000,0x00000000d5580000,0x00000000d7600000)
  from space 5120K, 87% used [0x00000000d7600000,0x00000000d7a5bcb8,0x00000000d7b00000)
  to   space 5120K, 0% used [0x00000000d7b00000,0x00000000d7b00000,0x00000000d8000000)
 ParOldGen       total 87552K, used 16K [0x0000000080000000, 0x0000000085580000, 0x00000000d5580000)
  object space 87552K, 0% used [0x0000000080000000,0x0000000080004000,0x0000000085580000)
 Metaspace       used 7554K, capacity 7848K, committed 8064K, reserved 1056768K
  class space    used 931K, capacity 1039K, committed 1152K, reserved 1048576K
}
Event: 0.853 GC heap before
{Heap before GC invocations=2 (full 0):
 PSYoungGen      total 38400K, used 37743K [0x00000000d5580000, 0x00000000d8000000, 0x0000000100000000)
  eden space 33280K, 100% used [0x00000000d5580000,0x00000000d7600000,0x00000000d7600000)
  from space 5120K, 87% used [0x00000000d7600000,0x00000000d7a5bcb8,0x00000000d7b00000)
  to   space 5120K, 0% used [0x00000000d7b00000,0x00000000d7b00000,0x00000000d8000000)
 ParOldGen       total 87552K, used 16K [0x0000000080000000, 0x0000000085580000, 0x00000000d5580000)
  object space 87552K, 0% used [0x0000000080000000,0x0000000080004000,0x0000000085580000)
 Metaspace       used 7788K, capacity 8032K, committed 8320K, reserved 1056768K
  class space    used 955K, capacity 1079K, committed 1152K, reserved 1048576K
Event: 0.856 GC heap after
Heap after GC invocations=2 (full 0):
 PSYoungGen      total 38400K, used 3377K [0x00000000d5580000, 0x00000000d8000000, 0x0000000100000000)
  eden space 33280K, 0% used [0x00000000d5580000,0x00000000d5580000,0x00000000d7600000)
  from space 5120K, 65% used [0x00000000d7b00000,0x00000000d7e4c5f8,0x00000000d8000000)
  to   space 5120K, 0% used [0x00000000d7600000,0x00000000d7600000,0x00000000d7b00000)
 ParOldGen       total 87552K, used 24K [0x0000000080000000, 0x0000000085580000, 0x00000000d5580000)
  object space 87552K, 0% used [0x0000000080000000,0x0000000080006000,0x0000000085580000)
 Metaspace       used 7788K, capacity 8032K, committed 8320K, reserved 1056768K
  class space    used 955K, capacity 1079K, committed 1152K, reserved 1048576K
}
Event: 1.407 GC heap before
{Heap before GC invocations=3 (full 0):
 PSYoungGen      total 38400K, used 36657K [0x00000000d5580000, 0x00000000d8000000, 0x0000000100000000)
  eden space 33280K, 100% used [0x00000000d5580000,0x00000000d7600000,0x00000000d7600000)
  from space 5120K, 65% used [0x00000000d7b00000,0x00000000d7e4c5f8,0x00000000d8000000)
  to   space 5120K, 0% used [0x00000000d7600000,0x00000000d7600000,0x00000000d7b00000)
 ParOldGen       total 87552K, used 24K [0x0000000080000000, 0x0000000085580000, 0x00000000d5580000)
  object space 87552K, 0% used [0x0000000080000000,0x0000000080006000,0x0000000085580000)
 Metaspace       used 12063K, capacity 12456K, committed 12544K, reserved 1060864K
  class space    used 1602K, capacity 1730K, committed 1792K, reserved 1048576K
Event: 1.411 GC heap after
Heap after GC invocations=3 (full 0):
 PSYoungGen      total 38400K, used 5104K [0x00000000d5580000, 0x00000000d8000000, 0x0000000100000000)
  eden space 33280K, 0% used [0x00000000d5580000,0x00000000d5580000,0x00000000d7600000)
  from space 5120K, 99% used [0x00000000d7600000,0x00000000d7afc010,0x00000000d7b00000)
  to   space 5120K, 0% used [0x00000000d7b00000,0x00000000d7b00000,0x00000000d8000000)
 ParOldGen       total 87552K, used 1126K [0x0000000080000000, 0x0000000085580000, 0x00000000d5580000)
  object space 87552K, 1% used [0x0000000080000000,0x0000000080119978,0x0000000085580000)
 Metaspace       used 12063K, capacity 12456K, committed 12544K, reserved 1060864K
  class space    used 1602K, capacity 1730K, committed 1792K, reserved 1048576K
}
Event: 1.624 GC heap before
{Heap before GC invocations=4 (full 0):
 PSYoungGen      total 38400K, used 38384K [0x00000000d5580000, 0x00000000d8000000, 0x0000000100000000)
  eden space 33280K, 100% used [0x00000000d5580000,0x00000000d7600000,0x00000000d7600000)
  from space 5120K, 99% used [0x00000000d7600000,0x00000000d7afc010,0x00000000d7b00000)
  to   space 5120K, 0% used [0x00000000d7b00000,0x00000000d7b00000,0x00000000d8000000)
 ParOldGen       total 87552K, used 1126K [0x0000000080000000, 0x0000000085580000, 0x00000000d5580000)
  object space 87552K, 1% used [0x0000000080000000,0x0000000080119978,0x0000000085580000)
 Metaspace       used 15137K, capacity 15618K, committed 15744K, reserved 1062912K
  class space    used 1996K, capacity 2157K, committed 2176K, reserved 1048576K
Event: 1.628 GC heap after
Heap after GC invocations=4 (full 0):
 PSYoungGen      total 38400K, used 5088K [0x00000000d5580000, 0x00000000da080000, 0x0000000100000000)
  eden space 33280K, 0% used [0x00000000d5580000,0x00000000d5580000,0x00000000d7600000)
  from space 5120K, 99% used [0x00000000d7b00000,0x00000000d7ff82d0,0x00000000d8000000)
  to   space 5120K, 0% used [0x00000000d7600000,0x00000000d7600000,0x00000000d7b00000)
 ParOldGen       total 87552K, used 3895K [0x0000000080000000, 0x0000000085580000, 0x00000000d5580000)
  object space 87552K, 4% used [0x0000000080000000,0x00000000803cdf88,0x0000000085580000)
 Metaspace       used 15137K, capacity 15618K, committed 15744K, reserved 1062912K
  class space    used 1996K, capacity 2157K, committed 2176K, reserved 1048576K
}
Event: 1.866 GC heap before
{Heap before GC invocations=5 (full 0):
 PSYoungGen      total 38400K, used 38368K [0x00000000d5580000, 0x00000000da080000, 0x0000000100000000)
  eden space 33280K, 100% used [0x00000000d5580000,0x00000000d7600000,0x00000000d7600000)
  from space 5120K, 99% used [0x00000000d7b00000,0x00000000d7ff82d0,0x00000000d8000000)
  to   space 5120K, 0% used [0x00000000d7600000,0x00000000d7600000,0x00000000d7b00000)
 ParOldGen       total 87552K, used 3895K [0x0000000080000000, 0x0000000085580000, 0x00000000d5580000)
  object space 87552K, 4% used [0x0000000080000000,0x00000000803cdf88,0x0000000085580000)
 Metaspace       used 17728K, capacity 18352K, committed 18560K, reserved 1064960K
  class space    used 2430K, capacity 2600K, committed 2688K, reserved 1048576K
Event: 1.872 GC heap after
Heap after GC invocations=5 (full 0):
 PSYoungGen      total 38400K, used 5120K [0x00000000d5580000, 0x00000000daa80000, 0x0000000100000000)
  eden space 33280K, 0% used [0x00000000d5580000,0x00000000d5580000,0x00000000d7600000)
  from space 5120K, 100% used [0x00000000d7600000,0x00000000d7b00000,0x00000000d7b00000)
  to   space 10240K, 0% used [0x00000000da080000,0x00000000da080000,0x00000000daa80000)
 ParOldGen       total 87552K, used 6783K [0x0000000080000000, 0x0000000085580000, 0x00000000d5580000)
  object space 87552K, 7% used [0x0000000080000000,0x000000008069fc00,0x0000000085580000)
 Metaspace       used 17728K, capacity 18352K, committed 18560K, reserved 1064960K
  class space    used 2430K, capacity 2600K, committed 2688K, reserved 1048576K
}

Deoptimization events (10 events):
Event: 1.571 Thread 0x000000001cc21800 Uncommon trap: reason=class_check action=maybe_recompile pc=0x00000000036c8598 method=java.util.regex.Matcher.match(II)Z @ 86
Event: 1.571 Thread 0x000000001cc21800 Uncommon trap: reason=class_check action=maybe_recompile pc=0x00000000035352cc method=java.util.regex.Matcher.match(II)Z @ 86
Event: 1.648 Thread 0x000000001cc21800 Uncommon trap: reason=unstable_if action=reinterpret pc=0x00000000036b75dc method=java.io.File.getName()Ljava/lang/String; @ 16
Event: 1.648 Thread 0x000000001cc21800 Uncommon trap: reason=unstable_if action=reinterpret pc=0x00000000036b4154 method=java.lang.String.substring(I)Ljava/lang/String; @ 35
Event: 1.781 Thread 0x000000001cc21800 Uncommon trap: reason=unstable_if action=reinterpret pc=0x00000000037138b0 method=java.util.LinkedHashMap.afterNodeInsertion(Z)V @ 1
Event: 1.782 Thread 0x000000001cc21800 Uncommon trap: reason=unstable_if action=reinterpret pc=0x00000000035ee304 method=java.util.HashMap.getNode(ILjava/lang/Object;)Ljava/util/HashMap$Node; @ 129
Event: 1.782 Thread 0x000000001cc21800 Uncommon trap: reason=bimorphic action=maybe_recompile pc=0x00000000038542b0 method=java.util.HashMap.putVal(ILjava/lang/Object;Ljava/lang/Object;ZZ)Ljava/lang/Object; @ 203
Event: 1.784 Thread 0x000000001cc21800 Uncommon trap: reason=unstable_if action=reinterpret pc=0x00000000035ea688 method=java.util.HashMap.getNode(ILjava/lang/Object;)Ljava/util/HashMap$Node; @ 129
Event: 1.784 Thread 0x000000001cc21800 Uncommon trap: reason=bimorphic action=maybe_recompile pc=0x00000000038542b0 method=java.util.HashMap.putVal(ILjava/lang/Object;Ljava/lang/Object;ZZ)Ljava/lang/Object; @ 203
Event: 1.875 Thread 0x000000001cc21800 Uncommon trap: reason=unstable_if action=reinterpret pc=0x00000000038bed4c method=java.util.jar.Attributes$Name.isDigit(C)Z @ 3

Classes redefined (0 events):
No events

Internal exceptions (10 events):
Event: 1.388 Thread 0x000000001cb94800 Exception <a 'java/lang/NoSuchMethodError': <clinit>> (0x00000000d74b3310) thrown at [C:\src\AOSP-openjdk-git\hotspot\src\share\vm\prims\jni.cpp, line 1615]
Event: 1.389 Thread 0x000000001cb94800 Exception <a 'java/lang/NoSuchMethodError': <clinit>> (0x00000000d74c7910) thrown at [C:\src\AOSP-openjdk-git\hotspot\src\share\vm\prims\jni.cpp, line 1615]
Event: 1.395 Thread 0x000000001cb94800 Exception <a 'java/lang/NoSuchMethodError': <clinit>> (0x00000000d75350b8) thrown at [C:\src\AOSP-openjdk-git\hotspot\src\share\vm\prims\jni.cpp, line 1615]
Event: 1.399 Thread 0x000000001cb94800 Exception <a 'java/lang/NoSuchMethodError': <clinit>> (0x00000000d756f610) thrown at [C:\src\AOSP-openjdk-git\hotspot\src\share\vm\prims\jni.cpp, line 1615]
Event: 1.402 Thread 0x000000001cb94800 Exception <a 'java/lang/NoSuchMethodError': <clinit>> (0x00000000d75a5198) thrown at [C:\src\AOSP-openjdk-git\hotspot\src\share\vm\prims\jni.cpp, line 1615]
Event: 1.403 Thread 0x000000001cb94800 Exception <a 'java/lang/NoSuchMethodError': <clinit>> (0x00000000d75b16f8) thrown at [C:\src\AOSP-openjdk-git\hotspot\src\share\vm\prims\jni.cpp, line 1615]
Event: 1.669 Thread 0x000000001cc21800 Exception <a 'java/lang/NoSuchMethodError': java.lang.Object.lambda$and$0(Ljava/util/function/Predicate;Ljava/lang/Object;)Z> (0x00000000d58b1008) thrown at [C:\src\AOSP-openjdk-git\hotspot\src\share\vm\interpreter\linkResolver.cpp, line 620]
Event: 1.672 Thread 0x000000001cc21800 Exception <a 'java/lang/IncompatibleClassChangeError': Found class java.lang.Object, but interface was expected> (0x00000000d58c1310) thrown at [C:\src\AOSP-openjdk-git\hotspot\src\share\vm\interpreter\linkResolver.cpp, line 653]
Event: 1.673 Thread 0x000000001cc21800 Exception <a 'java/lang/NoSuchMethodError': java.lang.Object.lambda$or$2(Ljava/util/function/Predicate;Ljava/lang/Object;)Z> (0x00000000d58c5e60) thrown at [C:\src\AOSP-openjdk-git\hotspot\src\share\vm\interpreter\linkResolver.cpp, line 620]
Event: 1.814 Thread 0x000000001cc21800 Exception <a 'java/lang/NoSuchMethodError': java.lang.Object.lambda$static$0(Lorg/gradle/internal/state/ModelObject;)Ljava/lang/String;> (0x00000000d7054ee8) thrown at [C:\src\AOSP-openjdk-git\hotspot\src\share\vm\interpreter\linkResolver.cpp, line 620]

Events (10 events):
Event: 1.932 loading class org/gradle/internal/exceptions/ContextAwareException
Event: 1.932 loading class org/gradle/internal/exceptions/ContextAwareException done
Event: 1.933 loading class org/gradle/plugin/use/resolve/internal/PluginResolutionResult
Event: 1.933 loading class org/gradle/plugin/use/resolve/internal/PluginResolutionResult done
Event: 1.933 loading class org/gradle/plugin/use/internal/PluginDependencyResolutionServices$2
Event: 1.933 loading class org/gradle/plugin/use/internal/PluginDependencyResolutionServices$2 done
Event: 1.934 loading class org/gradle/configuration/project/DefaultCompileOperationFactory
Event: 1.934 loading class org/gradle/configuration/project/DefaultCompileOperationFactory done
Event: 1.935 loading class org/gradle/groovy/scripts/Transformer
Event: 1.935 loading class org/gradle/groovy/scripts/Transformer done


Dynamic libraries:
0x00007ff7a4390000 - 0x00007ff7a43c1000 	C:\Program Files\Android\Android Studio1\jre\bin\java.exe
0x00007ffba2900000 - 0x00007ffba2af0000 	C:\Windows\SYSTEM32\ntdll.dll
0x00007ffba17a0000 - 0x00007ffba1852000 	C:\Windows\System32\KERNEL32.DLL
0x00007ffb9f920000 - 0x00007ffb9fbc2000 	C:\Windows\System32\KERNELBASE.dll
0x00007ffba1f40000 - 0x00007ffba1fe3000 	C:\Windows\System32\ADVAPI32.dll
0x00007ffba0a00000 - 0x00007ffba0a9e000 	C:\Windows\System32\msvcrt.dll
0x00007ffba27f0000 - 0x00007ffba2887000 	C:\Windows\System32\sechost.dll
0x00007ffba2080000 - 0x00007ffba21a0000 	C:\Windows\System32\RPCRT4.dll
0x00007ffba2650000 - 0x00007ffba27e3000 	C:\Windows\System32\USER32.dll
0x00007ffba06f0000 - 0x00007ffba0711000 	C:\Windows\System32\win32u.dll
0x00007ffba2610000 - 0x00007ffba2636000 	C:\Windows\System32\GDI32.dll
0x00007ffba0780000 - 0x00007ffba0914000 	C:\Windows\System32\gdi32full.dll
0x00007ffb9fbd0000 - 0x00007ffb9fc6e000 	C:\Windows\System32\msvcp_win.dll
0x00007ffb9fe70000 - 0x00007ffb9ff6a000 	C:\Windows\System32\ucrtbase.dll
0x00007ffb95860000 - 0x00007ffb95ae5000 	C:\Windows\WinSxS\amd64_microsoft.windows.common-controls_6595b64144ccf1df_6.0.18361.1_none_d1d6e5db245075ba\COMCTL32.dll
0x00007ffba11b0000 - 0x00007ffba14e6000 	C:\Windows\System32\combase.dll
0x00007ffba0950000 - 0x00007ffba09d1000 	C:\Windows\System32\bcryptPrimitives.dll
0x00007ffba0aa0000 - 0x00007ffba0ace000 	C:\Windows\System32\IMM32.DLL
0x000000006d8f0000 - 0x000000006d9c2000 	C:\Program Files\Android\Android Studio1\jre\jre\bin\msvcr100.dll
0x000000006d020000 - 0x000000006d86b000 	C:\Program Files\Android\Android Studio1\jre\jre\bin\server\jvm.dll
0x00007ffba1ff0000 - 0x00007ffba1ff8000 	C:\Windows\System32\PSAPI.DLL
0x00007ffb99240000 - 0x00007ffb99249000 	C:\Windows\SYSTEM32\WSOCK32.dll
0x00007ffb9a8d0000 - 0x00007ffb9a8da000 	C:\Windows\SYSTEM32\VERSION.dll
0x00007ffb923e0000 - 0x00007ffb92404000 	C:\Windows\SYSTEM32\WINMM.dll
0x00007ffb92390000 - 0x00007ffb923bd000 	C:\Windows\SYSTEM32\winmmbase.dll
0x00007ffb9f8d0000 - 0x00007ffb9f91a000 	C:\Windows\System32\cfgmgr32.dll
0x00007ffba1c70000 - 0x00007ffba1cdf000 	C:\Windows\System32\WS2_32.dll
0x00007ffb968d0000 - 0x00007ffb968df000 	C:\Program Files\Android\Android Studio1\jre\jre\bin\verify.dll
0x00007ffb7ed90000 - 0x00007ffb7edb9000 	C:\Program Files\Android\Android Studio1\jre\jre\bin\java.dll
0x00007ffb725d0000 - 0x00007ffb725e6000 	C:\Program Files\Android\Android Studio1\jre\jre\bin\zip.dll
0x00007ffba0ad0000 - 0x00007ffba11b0000 	C:\Windows\System32\SHELL32.dll
0x00007ffba1a90000 - 0x00007ffba1b39000 	C:\Windows\System32\shcore.dll
0x00007ffb9ff70000 - 0x00007ffba06eb000 	C:\Windows\System32\windows.storage.dll
0x00007ffb9f860000 - 0x00007ffb9f87f000 	C:\Windows\System32\profapi.dll
0x00007ffb9f880000 - 0x00007ffb9f8ca000 	C:\Windows\System32\powrprof.dll
0x00007ffb9f810000 - 0x00007ffb9f820000 	C:\Windows\System32\UMPDC.dll
0x00007ffba2000000 - 0x00007ffba2052000 	C:\Windows\System32\shlwapi.dll
0x00007ffb9f820000 - 0x00007ffb9f831000 	C:\Windows\System32\kernel.appcore.dll
0x00007ffba09e0000 - 0x00007ffba09f7000 	C:\Windows\System32\cryptsp.dll
0x00007ffb65420000 - 0x00007ffb6543a000 	C:\Program Files\Android\Android Studio1\jre\jre\bin\net.dll
0x00007ffb9f020000 - 0x00007ffb9f087000 	C:\Windows\system32\mswsock.dll
0x00007ffb64b20000 - 0x00007ffb64b33000 	C:\Program Files\Android\Android Studio1\jre\jre\bin\nio.dll
0x00007ffb9c640000 - 0x00007ffb9c667000 	C:\Users\lenovo\.gradle\native\f6784746aeab05261644944871eae4fe03e0ef1612fff0a4a95f87b438bc6780\windows-amd64\native-platform.dll
0x00007ffb968c0000 - 0x00007ffb968cd000 	C:\Program Files\Android\Android Studio1\jre\jre\bin\management.dll
0x00007ffb9ebe0000 - 0x00007ffb9ec13000 	C:\Windows\system32\rsaenh.dll
0x00007ffba0920000 - 0x00007ffba0946000 	C:\Windows\System32\bcrypt.dll
0x00007ffb9f730000 - 0x00007ffb9f755000 	C:\Windows\SYSTEM32\USERENV.dll
0x00007ffb9f1f0000 - 0x00007ffb9f1fc000 	C:\Windows\SYSTEM32\CRYPTBASE.dll
0x00007ffb9ed80000 - 0x00007ffb9edba000 	C:\Windows\SYSTEM32\IPHLPAPI.DLL
0x00007ffba2640000 - 0x00007ffba2648000 	C:\Windows\System32\NSI.dll
0x00007ffb99e70000 - 0x00007ffb99e86000 	C:\Windows\SYSTEM32\dhcpcsvc6.DLL
0x00007ffb9a030000 - 0x00007ffb9a04c000 	C:\Windows\SYSTEM32\dhcpcsvc.DLL
0x00007ffb9edc0000 - 0x00007ffb9ee8a000 	C:\Windows\SYSTEM32\DNSAPI.dll
0x00007ffb99ff0000 - 0x00007ffb99ffb000 	C:\Windows\SYSTEM32\WINNSI.DLL

VM Arguments:
jvm_args: -Xmx2048m -Dfile.encoding=UTF-8 -Duser.country=RU -Duser.language=ru -Duser.variant 
java_command: org.gradle.launcher.daemon.bootstrap.GradleDaemon 6.5
java_class_path (initial): C:\Users\lenovo\.gradle\wrapper\dists\gradle-6.5-bin\6nifqtx7604sqp1q6g8wikw7p\gradle-6.5\lib\gradle-launcher-6.5.jar
Launcher Type: SUN_STANDARD

Environment Variables:
PATH=C:\Program Files (x86)\Common Files\Intel\Shared Libraries\redist\intel64_win\compiler;C:\Windows\system32;C:\Windows;C:\Windows\System32\Wbem;C:\Windows\System32\WindowsPowerShell\v1.0\;C:\Program Files (x86)\NVIDIA Corporation\PhysX\Common;C:\Program Files\Java\jdk-14.0.2\bin;C:\Program Files\Git\cmd;C:\Users\lenovo\AppData\Local\Microsoft\WindowsApps;;C:\Program Files\JetBrains\IntelliJ IDEA 2020.2.1\bin;;C:\Program Files\JetBrains\IntelliJ IDEA Community Edition 2020.2.1\bin;
USERNAME=lenovo
OS=Windows_NT
PROCESSOR_IDENTIFIER=Intel64 Family 6 Model 142 Stepping 11, GenuineIntel



---------------  S Y S T E M  ---------------

OS: Windows 10.0 , 64 bit Build 18361 (10.0.18361.1)

CPU:total 8 (initial active 8) (4 cores per cpu, 2 threads per core) family 6 model 142 stepping 11, cmov, cx8, fxsr, mmx, sse, sse2, sse3, ssse3, sse4.1, sse4.2, popcnt, avx, avx2, aes, clmul, erms, 3dnowpref, lzcnt, ht, tsc, tscinvbit, bmi1, bmi2, adx

Memory: 4k page, physical 8264948k(519376k free), swap 8264948k(7044k free)

vm_info: OpenJDK 64-Bit Server VM (25.242-b01) for windows-amd64 JRE (1.8.0_242-release-1644-b01), built by "builder" with MS VC++ 10.0 (VS2010)

time: Sat May 08 14:15:25 2021
timezone: RTZ 2 (зима)
elapsed time: 1 seconds (0d 0h 0m 1s)

